  lab4.cpp
C:\Users\nikza\OneDrive\Рабочий стол\Lab3Chm-master\lab 4\lab4\Base.h(62,30): warning C4566: символ, представленный универсальным именем символа "\u00CD", невозможно представить в текущей кодовой странице (1251)
  (компиляция исходного файла "lab4.cpp")
  
C:\Users\nikza\OneDrive\Рабочий стол\Lab3Chm-master\lab 4\lab4\Base.h(62,30): warning C4566: символ, представленный универсальным именем символа "\u00E5", невозможно представить в текущей кодовой странице (1251)
  (компиляция исходного файла "lab4.cpp")
  
C:\Users\nikza\OneDrive\Рабочий стол\Lab3Chm-master\lab 4\lab4\Base.h(62,30): warning C4566: символ, представленный универсальным именем символа "\u00F3", невозможно представить в текущей кодовой странице (1251)
  (компиляция исходного файла "lab4.cpp")
  
C:\Users\nikza\OneDrive\Рабочий стол\Lab3Chm-master\lab 4\lab4\Base.h(62,30): warning C4566: символ, представленный универсальным именем символа "\u00E4", невозможно представить в текущей кодовой странице (1251)
  (компиляция исходного файла "lab4.cpp")
  
C:\Users\nikza\OneDrive\Рабочий стол\Lab3Chm-master\lab 4\lab4\Base.h(62,30): warning C4566: символ, представленный универсальным именем символа "\u00EE", невозможно представить в текущей кодовой странице (1251)
  (компиляция исходного файла "lab4.cpp")
  
C:\Users\nikza\OneDrive\Рабочий стол\Lab3Chm-master\lab 4\lab4\Base.h(62,30): warning C4566: символ, представленный универсальным именем символа "\u00E2", невозможно представить в текущей кодовой странице (1251)
  (компиляция исходного файла "lab4.cpp")
  
C:\Users\nikza\OneDrive\Рабочий стол\Lab3Chm-master\lab 4\lab4\Base.h(62,30): warning C4566: символ, представленный универсальным именем символа "\u00EB", невозможно представить в текущей кодовой странице (1251)
  (компиляция исходного файла "lab4.cpp")
  
C:\Users\nikza\OneDrive\Рабочий стол\Lab3Chm-master\lab 4\lab4\Base.h(62,30): warning C4566: символ, представленный универсальным именем символа "\u00F2", невозможно представить в текущей кодовой странице (1251)
  (компиляция исходного файла "lab4.cpp")
  
C:\Users\nikza\OneDrive\Рабочий стол\Lab3Chm-master\lab 4\lab4\Base.h(62,30): warning C4566: символ, представленный универсальным именем символа "\u00F0", невозможно представить в текущей кодовой странице (1251)
  (компиляция исходного файла "lab4.cpp")
  
C:\Users\nikza\OneDrive\Рабочий стол\Lab3Chm-master\lab 4\lab4\Base.h(62,30): warning C4566: символ, представленный универсальным именем символа "\u00E8", невозможно представить в текущей кодовой странице (1251)
  (компиляция исходного файла "lab4.cpp")
  
C:\Users\nikza\OneDrive\Рабочий стол\Lab3Chm-master\lab 4\lab4\Base.h(62,30): warning C4566: символ, представленный универсальным именем символа "\u00FC", невозможно представить в текущей кодовой странице (1251)
  (компиляция исходного файла "lab4.cpp")
  
C:\Users\nikza\OneDrive\Рабочий стол\Lab3Chm-master\lab 4\lab4\Base.h(62,30): warning C4566: символ, представленный универсальным именем символа "\u00ED", невозможно представить в текущей кодовой странице (1251)
  (компиляция исходного файла "lab4.cpp")
  
C:\Users\nikza\OneDrive\Рабочий стол\Lab3Chm-master\lab 4\lab4\Base.h(62,30): warning C4566: символ, представленный универсальным именем символа "\u00E0", невозможно представить в текущей кодовой странице (1251)
  (компиляция исходного файла "lab4.cpp")
  
C:\Users\nikza\OneDrive\Рабочий стол\Lab3Chm-master\lab 4\lab4\Base.h(62,30): warning C4566: символ, представленный универсальным именем символа "\u00FF", невозможно представить в текущей кодовой странице (1251)
  (компиляция исходного файла "lab4.cpp")
  
C:\Users\nikza\OneDrive\Рабочий стол\Lab3Chm-master\lab 4\lab4\Base.h(62,30): warning C4566: символ, представленный универсальным именем символа "\u00E7", невозможно представить в текущей кодовой странице (1251)
  (компиляция исходного файла "lab4.cpp")
  
C:\Users\nikza\OneDrive\Рабочий стол\Lab3Chm-master\lab 4\lab4\Base.h(62,30): warning C4566: символ, представленный универсальным именем символа "\u00EC", невозможно представить в текущей кодовой странице (1251)
  (компиляция исходного файла "lab4.cpp")
  
C:\Users\nikza\OneDrive\Рабочий стол\Lab3Chm-master\lab 4\lab4\Base.h(62,30): warning C4566: символ, представленный универсальным именем символа "\u00F1", невозможно представить в текущей кодовой странице (1251)
  (компиляция исходного файла "lab4.cpp")
  
C:\Users\nikza\OneDrive\Рабочий стол\Lab3Chm-master\lab 4\lab4\Base.h(62,30): warning C4566: символ, представленный универсальным именем символа "\u00E1", невозможно представить в текущей кодовой странице (1251)
  (компиляция исходного файла "lab4.cpp")
  
C:\Users\nikza\OneDrive\Рабочий стол\Lab3Chm-master\lab 4\lab4\Base.h(62,30): warning C4566: символ, представленный универсальным именем символа "\u00FA", невозможно представить в текущей кодовой странице (1251)
  (компиляция исходного файла "lab4.cpp")
  
C:\Users\nikza\OneDrive\Рабочий стол\Lab3Chm-master\lab 4\lab4\Base.h(62,30): warning C4566: символ, представленный универсальным именем символа "\u00EA", невозможно представить в текущей кодовой странице (1251)
  (компиляция исходного файла "lab4.cpp")
  
C:\Users\nikza\OneDrive\Рабочий стол\Lab3Chm-master\lab 4\lab4\Base.h(185,28): warning C4566: символ, представленный универсальным именем символа "\u00CE", невозможно представить в текущей кодовой странице (1251)
  (компиляция исходного файла "lab4.cpp")
  
C:\Users\nikza\OneDrive\Рабочий стол\Lab3Chm-master\lab 4\lab4\Base.h(185,28): warning C4566: символ, представленный универсальным именем символа "\u00EF", невозможно представить в текущей кодовой странице (1251)
  (компиляция исходного файла "lab4.cpp")
  
C:\Users\nikza\OneDrive\Рабочий стол\Lab3Chm-master\lab 4\lab4\Base.h(185,28): warning C4566: символ, представленный универсальным именем символа "\u00E5", невозможно представить в текущей кодовой странице (1251)
  (компиляция исходного файла "lab4.cpp")
  
C:\Users\nikza\OneDrive\Рабочий стол\Lab3Chm-master\lab 4\lab4\Base.h(185,28): warning C4566: символ, представленный универсальным именем символа "\u00F0", невозможно представить в текущей кодовой странице (1251)
  (компиляция исходного файла "lab4.cpp")
  
C:\Users\nikza\OneDrive\Рабочий стол\Lab3Chm-master\lab 4\lab4\Base.h(185,28): warning C4566: символ, представленный универсальным именем символа "\u00E0", невозможно представить в текущей кодовой странице (1251)
  (компиляция исходного файла "lab4.cpp")
  
C:\Users\nikza\OneDrive\Рабочий стол\Lab3Chm-master\lab 4\lab4\Base.h(185,28): warning C4566: символ, представленный универсальным именем символа "\u00F6", невозможно представить в текущей кодовой странице (1251)
  (компиляция исходного файла "lab4.cpp")
  
C:\Users\nikza\OneDrive\Рабочий стол\Lab3Chm-master\lab 4\lab4\Base.h(185,28): warning C4566: символ, представленный универсальным именем символа "\u00E8", невозможно представить в текущей кодовой странице (1251)
  (компиляция исходного файла "lab4.cpp")
  
C:\Users\nikza\OneDrive\Рабочий стол\Lab3Chm-master\lab 4\lab4\Base.h(185,28): warning C4566: символ, представленный универсальным именем символа "\u00FF", невозможно представить в текущей кодовой странице (1251)
  (компиляция исходного файла "lab4.cpp")
  
C:\Users\nikza\OneDrive\Рабочий стол\Lab3Chm-master\lab 4\lab4\Base.h(185,28): warning C4566: символ, представленный универсальным именем символа "\u00F1", невозможно представить в текущей кодовой странице (1251)
  (компиляция исходного файла "lab4.cpp")
  
C:\Users\nikza\OneDrive\Рабочий стол\Lab3Chm-master\lab 4\lab4\Base.h(185,28): warning C4566: символ, представленный универсальным именем символа "\u00EB", невозможно представить в текущей кодовой странице (1251)
  (компиляция исходного файла "lab4.cpp")
  
C:\Users\nikza\OneDrive\Рабочий стол\Lab3Chm-master\lab 4\lab4\Base.h(185,28): warning C4566: символ, представленный универсальным именем символа "\u00EE", невозможно представить в текущей кодовой странице (1251)
  (компиляция исходного файла "lab4.cpp")
  
C:\Users\nikza\OneDrive\Рабочий стол\Lab3Chm-master\lab 4\lab4\Base.h(185,28): warning C4566: символ, представленный универсальным именем символа "\u00E6", невозможно представить в текущей кодовой странице (1251)
  (компиляция исходного файла "lab4.cpp")
  
C:\Users\nikza\OneDrive\Рабочий стол\Lab3Chm-master\lab 4\lab4\Base.h(185,28): warning C4566: символ, представленный универсальным именем символа "\u00ED", невозможно представить в текущей кодовой странице (1251)
  (компиляция исходного файла "lab4.cpp")
  
C:\Users\nikza\OneDrive\Рабочий стол\Lab3Chm-master\lab 4\lab4\Base.h(185,28): warning C4566: символ, представленный универсальным именем символа "\u00E2", невозможно представить в текущей кодовой странице (1251)
  (компиляция исходного файла "lab4.cpp")
  
C:\Users\nikza\OneDrive\Рабочий стол\Lab3Chm-master\lab 4\lab4\Base.h(185,28): warning C4566: символ, представленный универсальным именем символа "\u00E7", невозможно представить в текущей кодовой странице (1251)
  (компиляция исходного файла "lab4.cpp")
  
C:\Users\nikza\OneDrive\Рабочий стол\Lab3Chm-master\lab 4\lab4\Base.h(185,28): warning C4566: символ, представленный универсальным именем символа "\u00EC", невозможно представить в текущей кодовой странице (1251)
  (компиляция исходного файла "lab4.cpp")
  
C:\Users\nikza\OneDrive\Рабочий стол\Lab3Chm-master\lab 4\lab4\Base.h(185,28): warning C4566: символ, представленный универсальным именем символа "\u00E1", невозможно представить в текущей кодовой странице (1251)
  (компиляция исходного файла "lab4.cpp")
  
C:\Users\nikza\OneDrive\Рабочий стол\Lab3Chm-master\lab 4\lab4\Base.h(185,28): warning C4566: символ, представленный универсальным именем символа "\u00FA", невозможно представить в текущей кодовой странице (1251)
  (компиляция исходного файла "lab4.cpp")
  
C:\Users\nikza\OneDrive\Рабочий стол\Lab3Chm-master\lab 4\lab4\Base.h(185,28): warning C4566: символ, представленный универсальным именем символа "\u00EA", невозможно представить в текущей кодовой странице (1251)
  (компиляция исходного файла "lab4.cpp")
  
C:\Users\nikza\OneDrive\Рабочий стол\Lab3Chm-master\lab 4\lab4\Base.h(185,28): warning C4566: символ, представленный универсальным именем символа "\u00F2", невозможно представить в текущей кодовой странице (1251)
  (компиляция исходного файла "lab4.cpp")
  
C:\Users\nikza\OneDrive\Рабочий стол\Lab3Chm-master\lab 4\lab4\Base.h(197,28): warning C4566: символ, представленный универсальным именем символа "\u00CE", невозможно представить в текущей кодовой странице (1251)
  (компиляция исходного файла "lab4.cpp")
  
C:\Users\nikza\OneDrive\Рабочий стол\Lab3Chm-master\lab 4\lab4\Base.h(197,28): warning C4566: символ, представленный универсальным именем символа "\u00EF", невозможно представить в текущей кодовой странице (1251)
  (компиляция исходного файла "lab4.cpp")
  
C:\Users\nikza\OneDrive\Рабочий стол\Lab3Chm-master\lab 4\lab4\Base.h(197,28): warning C4566: символ, представленный универсальным именем символа "\u00E5", невозможно представить в текущей кодовой странице (1251)
  (компиляция исходного файла "lab4.cpp")
  
C:\Users\nikza\OneDrive\Рабочий стол\Lab3Chm-master\lab 4\lab4\Base.h(197,28): warning C4566: символ, представленный универсальным именем символа "\u00F0", невозможно представить в текущей кодовой странице (1251)
  (компиляция исходного файла "lab4.cpp")
  
C:\Users\nikza\OneDrive\Рабочий стол\Lab3Chm-master\lab 4\lab4\Base.h(197,28): warning C4566: символ, представленный универсальным именем символа "\u00E0", невозможно представить в текущей кодовой странице (1251)
  (компиляция исходного файла "lab4.cpp")
  
C:\Users\nikza\OneDrive\Рабочий стол\Lab3Chm-master\lab 4\lab4\Base.h(197,28): warning C4566: символ, представленный универсальным именем символа "\u00F6", невозможно представить в текущей кодовой странице (1251)
  (компиляция исходного файла "lab4.cpp")
  
C:\Users\nikza\OneDrive\Рабочий стол\Lab3Chm-master\lab 4\lab4\Base.h(197,28): warning C4566: символ, представленный универсальным именем символа "\u00E8", невозможно представить в текущей кодовой странице (1251)
  (компиляция исходного файла "lab4.cpp")
  
C:\Users\nikza\OneDrive\Рабочий стол\Lab3Chm-master\lab 4\lab4\Base.h(197,28): warning C4566: символ, представленный универсальным именем символа "\u00FF", невозможно представить в текущей кодовой странице (1251)
  (компиляция исходного файла "lab4.cpp")
  
C:\Users\nikza\OneDrive\Рабочий стол\Lab3Chm-master\lab 4\lab4\Base.h(197,28): warning C4566: символ, представленный универсальным именем символа "\u00E7", невозможно представить в текущей кодовой странице (1251)
  (компиляция исходного файла "lab4.cpp")
  
C:\Users\nikza\OneDrive\Рабочий стол\Lab3Chm-master\lab 4\lab4\Base.h(197,28): warning C4566: символ, представленный универсальным именем символа "\u00ED", невозможно представить в текущей кодовой странице (1251)
  (компиляция исходного файла "lab4.cpp")
  
C:\Users\nikza\OneDrive\Рабочий стол\Lab3Chm-master\lab 4\lab4\Base.h(197,28): warning C4566: символ, представленный универсальным именем символа "\u00EE", невозможно представить в текущей кодовой странице (1251)
  (компиляция исходного файла "lab4.cpp")
  
C:\Users\nikza\OneDrive\Рабочий стол\Lab3Chm-master\lab 4\lab4\Base.h(197,28): warning C4566: символ, представленный универсальным именем символа "\u00F1", невозможно представить в текущей кодовой странице (1251)
  (компиляция исходного файла "lab4.cpp")
  
C:\Users\nikza\OneDrive\Рабочий стол\Lab3Chm-master\lab 4\lab4\Base.h(197,28): warning C4566: символ, представленный универсальным именем символа "\u00F2", невозможно представить в текущей кодовой странице (1251)
  (компиляция исходного файла "lab4.cpp")
  
C:\Users\nikza\OneDrive\Рабочий стол\Lab3Chm-master\lab 4\lab4\Base.h(197,28): warning C4566: символ, представленный универсальным именем символа "\u00E2", невозможно представить в текущей кодовой странице (1251)
  (компиляция исходного файла "lab4.cpp")
  
C:\Users\nikza\OneDrive\Рабочий стол\Lab3Chm-master\lab 4\lab4\Base.h(197,28): warning C4566: символ, представленный универсальным именем символа "\u00EC", невозможно представить в текущей кодовой странице (1251)
  (компиляция исходного файла "lab4.cpp")
  
C:\Users\nikza\OneDrive\Рабочий стол\Lab3Chm-master\lab 4\lab4\Base.h(197,28): warning C4566: символ, представленный универсальным именем символа "\u00E6", невозможно представить в текущей кодовой странице (1251)
  (компиляция исходного файла "lab4.cpp")
  
C:\Users\nikza\OneDrive\Рабочий стол\Lab3Chm-master\lab 4\lab4\Base.h(197,28): warning C4566: символ, представленный универсальным именем символа "\u00E1", невозможно представить в текущей кодовой странице (1251)
  (компиляция исходного файла "lab4.cpp")
  
C:\Users\nikza\OneDrive\Рабочий стол\Lab3Chm-master\lab 4\lab4\Base.h(197,28): warning C4566: символ, представленный универсальным именем символа "\u00FA", невозможно представить в текущей кодовой странице (1251)
  (компиляция исходного файла "lab4.cpp")
  
C:\Users\nikza\OneDrive\Рабочий стол\Lab3Chm-master\lab 4\lab4\Base.h(197,28): warning C4566: символ, представленный универсальным именем символа "\u00EA", невозможно представить в текущей кодовой странице (1251)
  (компиляция исходного файла "lab4.cpp")
  
C:\Users\nikza\OneDrive\Рабочий стол\Lab3Chm-master\lab 4\lab4\Base.h(209,28): warning C4566: символ, представленный универсальным именем символа "\u00CE", невозможно представить в текущей кодовой странице (1251)
  (компиляция исходного файла "lab4.cpp")
  
C:\Users\nikza\OneDrive\Рабочий стол\Lab3Chm-master\lab 4\lab4\Base.h(209,28): warning C4566: символ, представленный универсальным именем символа "\u00EF", невозможно представить в текущей кодовой странице (1251)
  (компиляция исходного файла "lab4.cpp")
  
C:\Users\nikza\OneDrive\Рабочий стол\Lab3Chm-master\lab 4\lab4\Base.h(209,28): warning C4566: символ, представленный универсальным именем символа "\u00E5", невозможно представить в текущей кодовой странице (1251)
  (компиляция исходного файла "lab4.cpp")
  
C:\Users\nikza\OneDrive\Рабочий стол\Lab3Chm-master\lab 4\lab4\Base.h(209,28): warning C4566: символ, представленный универсальным именем символа "\u00F0", невозможно представить в текущей кодовой странице (1251)
  (компиляция исходного файла "lab4.cpp")
  
C:\Users\nikza\OneDrive\Рабочий стол\Lab3Chm-master\lab 4\lab4\Base.h(209,28): warning C4566: символ, представленный универсальным именем символа "\u00E0", невозможно представить в текущей кодовой странице (1251)
  (компиляция исходного файла "lab4.cpp")
  
C:\Users\nikza\OneDrive\Рабочий стол\Lab3Chm-master\lab 4\lab4\Base.h(209,28): warning C4566: символ, представленный универсальным именем символа "\u00F6", невозможно представить в текущей кодовой странице (1251)
  (компиляция исходного файла "lab4.cpp")
  
C:\Users\nikza\OneDrive\Рабочий стол\Lab3Chm-master\lab 4\lab4\Base.h(209,28): warning C4566: символ, представленный универсальным именем символа "\u00E8", невозможно представить в текущей кодовой странице (1251)
  (компиляция исходного файла "lab4.cpp")
  
C:\Users\nikza\OneDrive\Рабочий стол\Lab3Chm-master\lab 4\lab4\Base.h(209,28): warning C4566: символ, представленный универсальным именем символа "\u00FF", невозможно представить в текущей кодовой странице (1251)
  (компиляция исходного файла "lab4.cpp")
  
C:\Users\nikza\OneDrive\Рабочий стол\Lab3Chm-master\lab 4\lab4\Base.h(209,28): warning C4566: символ, представленный универсальным именем символа "\u00E2", невозможно представить в текущей кодовой странице (1251)
  (компиляция исходного файла "lab4.cpp")
  
C:\Users\nikza\OneDrive\Рабочий стол\Lab3Chm-master\lab 4\lab4\Base.h(209,28): warning C4566: символ, представленный универсальным именем символа "\u00E7", невозможно представить в текущей кодовой странице (1251)
  (компиляция исходного файла "lab4.cpp")
  
C:\Users\nikza\OneDrive\Рабочий стол\Lab3Chm-master\lab 4\lab4\Base.h(209,28): warning C4566: символ, представленный универсальным именем символа "\u00F2", невозможно представить в текущей кодовой странице (1251)
  (компиляция исходного файла "lab4.cpp")
  
C:\Users\nikza\OneDrive\Рабочий стол\Lab3Chm-master\lab 4\lab4\Base.h(209,28): warning C4566: символ, представленный универсальным именем символа "\u00EE", невозможно представить в текущей кодовой странице (1251)
  (компиляция исходного файла "lab4.cpp")
  
C:\Users\nikza\OneDrive\Рабочий стол\Lab3Chm-master\lab 4\lab4\Base.h(209,28): warning C4566: символ, представленный универсальным именем символа "\u00F1", невозможно представить в текущей кодовой странице (1251)
  (компиляция исходного файла "lab4.cpp")
  
C:\Users\nikza\OneDrive\Рабочий стол\Lab3Chm-master\lab 4\lab4\Base.h(209,28): warning C4566: символ, представленный универсальным именем символа "\u00EA", невозможно представить в текущей кодовой странице (1251)
  (компиляция исходного файла "lab4.cpp")
  
C:\Users\nikza\OneDrive\Рабочий стол\Lab3Chm-master\lab 4\lab4\Base.h(209,28): warning C4566: символ, представленный универсальным именем символа "\u00E4", невозможно представить в текущей кодовой странице (1251)
  (компиляция исходного файла "lab4.cpp")
  
C:\Users\nikza\OneDrive\Рабочий стол\Lab3Chm-master\lab 4\lab4\Base.h(209,28): warning C4566: символ, представленный универсальным именем символа "\u00EB", невозможно представить в текущей кодовой странице (1251)
  (компиляция исходного файла "lab4.cpp")
  
C:\Users\nikza\OneDrive\Рабочий стол\Lab3Chm-master\lab 4\lab4\Base.h(209,28): warning C4566: символ, представленный универсальным именем символа "\u00ED", невозможно представить в текущей кодовой странице (1251)
  (компиляция исходного файла "lab4.cpp")
  
C:\Users\nikza\OneDrive\Рабочий стол\Lab3Chm-master\lab 4\lab4\Base.h(209,28): warning C4566: символ, представленный универсальным именем символа "\u00E6", невозможно представить в текущей кодовой странице (1251)
  (компиляция исходного файла "lab4.cpp")
  
C:\Users\nikza\OneDrive\Рабочий стол\Lab3Chm-master\lab 4\lab4\Base.h(209,28): warning C4566: символ, представленный универсальным именем символа "\u00EC", невозможно представить в текущей кодовой странице (1251)
  (компиляция исходного файла "lab4.cpp")
  
C:\Users\nikza\OneDrive\Рабочий стол\Lab3Chm-master\lab 4\lab4\Base.h(209,28): warning C4566: символ, представленный универсальным именем символа "\u00F3", невозможно представить в текущей кодовой странице (1251)
  (компиляция исходного файла "lab4.cpp")
  
C:\Users\nikza\OneDrive\Рабочий стол\Lab3Chm-master\lab 4\lab4\Base.h(209,28): warning C4566: символ, представленный универсальным именем символа "\u00FD", невозможно представить в текущей кодовой странице (1251)
  (компиляция исходного файла "lab4.cpp")
  
C:\Users\nikza\OneDrive\Рабочий стол\Lab3Chm-master\lab 4\lab4\Base.h(209,28): warning C4566: символ, представленный универсальным именем символа "\u00E1", невозможно представить в текущей кодовой странице (1251)
  (компиляция исходного файла "lab4.cpp")
  
C:\Users\nikza\OneDrive\Рабочий стол\Lab3Chm-master\lab 4\lab4\Base.h(209,28): warning C4566: символ, представленный универсальным именем символа "\u00FA", невозможно представить в текущей кодовой странице (1251)
  (компиляция исходного файла "lab4.cpp")
  
C:\Users\nikza\OneDrive\Рабочий стол\Lab3Chm-master\lab 4\lab4\Base.h(221,28): warning C4566: символ, представленный универсальным именем символа "\u00CE", невозможно представить в текущей кодовой странице (1251)
  (компиляция исходного файла "lab4.cpp")
  
C:\Users\nikza\OneDrive\Рабочий стол\Lab3Chm-master\lab 4\lab4\Base.h(221,28): warning C4566: символ, представленный универсальным именем символа "\u00EF", невозможно представить в текущей кодовой странице (1251)
  (компиляция исходного файла "lab4.cpp")
  
C:\Users\nikza\OneDrive\Рабочий стол\Lab3Chm-master\lab 4\lab4\Base.h(221,28): warning C4566: символ, представленный универсальным именем символа "\u00E5", невозможно представить в текущей кодовой странице (1251)
  (компиляция исходного файла "lab4.cpp")
  
C:\Users\nikza\OneDrive\Рабочий стол\Lab3Chm-master\lab 4\lab4\Base.h(221,28): warning C4566: символ, представленный универсальным именем символа "\u00F0", невозможно представить в текущей кодовой странице (1251)
  (компиляция исходного файла "lab4.cpp")
  
C:\Users\nikza\OneDrive\Рабочий стол\Lab3Chm-master\lab 4\lab4\Base.h(221,28): warning C4566: символ, представленный универсальным именем символа "\u00E0", невозможно представить в текущей кодовой странице (1251)
  (компиляция исходного файла "lab4.cpp")
  
C:\Users\nikza\OneDrive\Рабочий стол\Lab3Chm-master\lab 4\lab4\Base.h(221,28): warning C4566: символ, представленный универсальным именем символа "\u00F6", невозможно представить в текущей кодовой странице (1251)
  (компиляция исходного файла "lab4.cpp")
  
C:\Users\nikza\OneDrive\Рабочий стол\Lab3Chm-master\lab 4\lab4\Base.h(221,28): warning C4566: символ, представленный универсальным именем символа "\u00E8", невозможно представить в текущей кодовой странице (1251)
  (компиляция исходного файла "lab4.cpp")
  
C:\Users\nikza\OneDrive\Рабочий стол\Lab3Chm-master\lab 4\lab4\Base.h(221,28): warning C4566: символ, представленный универсальным именем символа "\u00FF", невозможно представить в текущей кодовой странице (1251)
  (компиляция исходного файла "lab4.cpp")
  
C:\Users\nikza\OneDrive\Рабочий стол\Lab3Chm-master\lab 4\lab4\Base.h(221,28): warning C4566: символ, представленный универсальным именем символа "\u00F3", невозможно представить в текущей кодовой странице (1251)
  (компиляция исходного файла "lab4.cpp")
  
C:\Users\nikza\OneDrive\Рабочий стол\Lab3Chm-master\lab 4\lab4\Base.h(221,28): warning C4566: символ, представленный универсальным именем символа "\u00EC", невозможно представить в текущей кодовой странице (1251)
  (компиляция исходного файла "lab4.cpp")
  
C:\Users\nikza\OneDrive\Рабочий стол\Lab3Chm-master\lab 4\lab4\Base.h(221,28): warning C4566: символ, представленный универсальным именем символа "\u00ED", невозможно представить в текущей кодовой странице (1251)
  (компиляция исходного файла "lab4.cpp")
  
C:\Users\nikza\OneDrive\Рабочий стол\Lab3Chm-master\lab 4\lab4\Base.h(221,28): warning C4566: символ, представленный универсальным именем символа "\u00EE", невозможно представить в текущей кодовой странице (1251)
  (компиляция исходного файла "lab4.cpp")
  
C:\Users\nikza\OneDrive\Рабочий стол\Lab3Chm-master\lab 4\lab4\Base.h(221,28): warning C4566: символ, представленный универсальным именем символа "\u00E6", невозможно представить в текущей кодовой странице (1251)
  (компиляция исходного файла "lab4.cpp")
  
C:\Users\nikza\OneDrive\Рабочий стол\Lab3Chm-master\lab 4\lab4\Base.h(221,28): warning C4566: символ, представленный универсальным именем символа "\u00E2", невозможно представить в текущей кодовой странице (1251)
  (компиляция исходного файла "lab4.cpp")
  
C:\Users\nikza\OneDrive\Рабочий стол\Lab3Chm-master\lab 4\lab4\Base.h(221,28): warning C4566: символ, представленный универсальным именем символа "\u00E7", невозможно представить в текущей кодовой странице (1251)
  (компиляция исходного файла "lab4.cpp")
  
C:\Users\nikza\OneDrive\Рабочий стол\Lab3Chm-master\lab 4\lab4\Base.h(221,28): warning C4566: символ, представленный универсальным именем символа "\u00F1", невозможно представить в текущей кодовой странице (1251)
  (компиляция исходного файла "lab4.cpp")
  
C:\Users\nikza\OneDrive\Рабочий стол\Lab3Chm-master\lab 4\lab4\Base.h(221,28): warning C4566: символ, представленный универсальным именем символа "\u00E1", невозможно представить в текущей кодовой странице (1251)
  (компиляция исходного файла "lab4.cpp")
  
C:\Users\nikza\OneDrive\Рабочий стол\Lab3Chm-master\lab 4\lab4\Base.h(221,28): warning C4566: символ, представленный универсальным именем символа "\u00FA", невозможно представить в текущей кодовой странице (1251)
  (компиляция исходного файла "lab4.cpp")
  
C:\Users\nikza\OneDrive\Рабочий стол\Lab3Chm-master\lab 4\lab4\Base.h(221,28): warning C4566: символ, представленный универсальным именем символа "\u00EA", невозможно представить в текущей кодовой странице (1251)
  (компиляция исходного файла "lab4.cpp")
  
C:\Users\nikza\OneDrive\Рабочий стол\Lab3Chm-master\lab 4\lab4\Base.h(221,28): warning C4566: символ, представленный универсальным именем символа "\u00F2", невозможно представить в текущей кодовой странице (1251)
  (компиляция исходного файла "lab4.cpp")
  
C:\Users\nikza\OneDrive\Рабочий стол\Lab3Chm-master\lab 4\lab4\Base.h(351,30): warning C4566: символ, представленный универсальным именем символа "\u00CD", невозможно представить в текущей кодовой странице (1251)
  (компиляция исходного файла "lab4.cpp")
  
C:\Users\nikza\OneDrive\Рабочий стол\Lab3Chm-master\lab 4\lab4\Base.h(351,30): warning C4566: символ, представленный универсальным именем символа "\u00E5", невозможно представить в текущей кодовой странице (1251)
  (компиляция исходного файла "lab4.cpp")
  
C:\Users\nikza\OneDrive\Рабочий стол\Lab3Chm-master\lab 4\lab4\Base.h(351,30): warning C4566: символ, представленный универсальным именем символа "\u00F3", невозможно представить в текущей кодовой странице (1251)
  (компиляция исходного файла "lab4.cpp")
  
C:\Users\nikza\OneDrive\Рабочий стол\Lab3Chm-master\lab 4\lab4\Base.h(351,30): warning C4566: символ, представленный универсальным именем символа "\u00E4", невозможно представить в текущей кодовой странице (1251)
  (компиляция исходного файла "lab4.cpp")
  
C:\Users\nikza\OneDrive\Рабочий стол\Lab3Chm-master\lab 4\lab4\Base.h(351,30): warning C4566: символ, представленный универсальным именем символа "\u00EE", невозможно представить в текущей кодовой странице (1251)
  (компиляция исходного файла "lab4.cpp")
  
C:\Users\nikza\OneDrive\Рабочий стол\Lab3Chm-master\lab 4\lab4\Base.h(351,30): warning C4566: символ, представленный универсальным именем символа "\u00E2", невозможно представить в текущей кодовой странице (1251)
  (компиляция исходного файла "lab4.cpp")
  
C:\Users\nikza\OneDrive\Рабочий стол\Lab3Chm-master\lab 4\lab4\Base.h(351,30): warning C4566: символ, представленный универсальным именем символа "\u00EB", невозможно представить в текущей кодовой странице (1251)
  (компиляция исходного файла "lab4.cpp")
  
C:\Users\nikza\OneDrive\Рабочий стол\Lab3Chm-master\lab 4\lab4\Base.h(351,30): warning C4566: символ, представленный универсальным именем символа "\u00F2", невозможно представить в текущей кодовой странице (1251)
  (компиляция исходного файла "lab4.cpp")
  
C:\Users\nikza\OneDrive\Рабочий стол\Lab3Chm-master\lab 4\lab4\Base.h(351,30): warning C4566: символ, представленный универсальным именем символа "\u00F0", невозможно представить в текущей кодовой странице (1251)
  (компиляция исходного файла "lab4.cpp")
  
C:\Users\nikza\OneDrive\Рабочий стол\Lab3Chm-master\lab 4\lab4\Base.h(351,30): warning C4566: символ, представленный универсальным именем символа "\u00E8", невозможно представить в текущей кодовой странице (1251)
  (компиляция исходного файла "lab4.cpp")
  
C:\Users\nikza\OneDrive\Рабочий стол\Lab3Chm-master\lab 4\lab4\Base.h(351,30): warning C4566: символ, представленный универсальным именем символа "\u00FC", невозможно представить в текущей кодовой странице (1251)
  (компиляция исходного файла "lab4.cpp")
  
C:\Users\nikza\OneDrive\Рабочий стол\Lab3Chm-master\lab 4\lab4\Base.h(351,30): warning C4566: символ, представленный универсальным именем символа "\u00ED", невозможно представить в текущей кодовой странице (1251)
  (компиляция исходного файла "lab4.cpp")
  
C:\Users\nikza\OneDrive\Рабочий стол\Lab3Chm-master\lab 4\lab4\Base.h(351,30): warning C4566: символ, представленный универсальным именем символа "\u00E0", невозможно представить в текущей кодовой странице (1251)
  (компиляция исходного файла "lab4.cpp")
  
C:\Users\nikza\OneDrive\Рабочий стол\Lab3Chm-master\lab 4\lab4\Base.h(351,30): warning C4566: символ, представленный универсальным именем символа "\u00FF", невозможно представить в текущей кодовой странице (1251)
  (компиляция исходного файла "lab4.cpp")
  
C:\Users\nikza\OneDrive\Рабочий стол\Lab3Chm-master\lab 4\lab4\Base.h(351,30): warning C4566: символ, представленный универсальным именем символа "\u00E7", невозможно представить в текущей кодовой странице (1251)
  (компиляция исходного файла "lab4.cpp")
  
C:\Users\nikza\OneDrive\Рабочий стол\Lab3Chm-master\lab 4\lab4\Base.h(351,30): warning C4566: символ, представленный универсальным именем символа "\u00EC", невозможно представить в текущей кодовой странице (1251)
  (компиляция исходного файла "lab4.cpp")
  
C:\Users\nikza\OneDrive\Рабочий стол\Lab3Chm-master\lab 4\lab4\Base.h(351,30): warning C4566: символ, представленный универсальным именем символа "\u00F1", невозможно представить в текущей кодовой странице (1251)
  (компиляция исходного файла "lab4.cpp")
  
C:\Users\nikza\OneDrive\Рабочий стол\Lab3Chm-master\lab 4\lab4\Base.h(351,30): warning C4566: символ, представленный универсальным именем символа "\u00E1", невозможно представить в текущей кодовой странице (1251)
  (компиляция исходного файла "lab4.cpp")
  
C:\Users\nikza\OneDrive\Рабочий стол\Lab3Chm-master\lab 4\lab4\Base.h(351,30): warning C4566: символ, представленный универсальным именем символа "\u00FA", невозможно представить в текущей кодовой странице (1251)
  (компиляция исходного файла "lab4.cpp")
  
C:\Users\nikza\OneDrive\Рабочий стол\Lab3Chm-master\lab 4\lab4\Base.h(351,30): warning C4566: символ, представленный универсальным именем символа "\u00EA", невозможно представить в текущей кодовой странице (1251)
  (компиляция исходного файла "lab4.cpp")
  
C:\Users\nikza\OneDrive\Рабочий стол\Lab3Chm-master\lab 4\lab4\NonlinearEquations.h(265,31): error C3878: синтаксическая ошибка: непредвиденный маркер "." после "simple_declaration"
  (компиляция исходного файла "lab4.cpp")
  C:\Users\nikza\OneDrive\Рабочий стол\Lab3Chm-master\lab 4\lab4\NonlinearEquations.h(265,31):
  контекст создания экземпляра шаблона (сначала самый старый)
  	C:\Users\nikza\OneDrive\Рабочий стол\Lab3Chm-master\lab 4\lab4\NonlinearEquations.h(15,11):
  	при компиляции шаблона класса "luMath::NonlinearEquations"
  
C:\Users\nikza\OneDrive\Рабочий стол\Lab3Chm-master\lab 4\lab4\NonlinearEquations.h(265,31): message : пропущено восстановление ошибки: "."
  (компиляция исходного файла "lab4.cpp")
  
